\BOOKMARK [1][-]{section.0.1}{\376\377\144\130\211\201}{}% 1
\BOOKMARK [2][-]{subsection.0.1.1}{\376\377\116\247\124\301\173\200\217\360}{section.0.1}% 2
\BOOKMARK [2][-]{subsection.0.1.2}{\376\377\173\126\122\022\176\323\147\204\176\374\217\360}{section.0.1}% 3
\BOOKMARK [1][-]{section.0.2}{\376\377\136\002\127\072\210\114\116\032\176\374\217\360}{}% 4
\BOOKMARK [2][-]{subsection.0.2.1}{\376\377\123\206\123\362\123\321\134\125}{section.0.2}% 5
\BOOKMARK [2][-]{subsection.0.2.2}{\376\377\163\260\162\266}{section.0.2}% 6
\BOOKMARK [2][-]{subsection.0.2.3}{\376\377\122\115\146\157}{section.0.2}% 7
\BOOKMARK [2][-]{subsection.0.2.4}{\376\377\176\323\213\272\140\073\176\323}{section.0.2}% 8
\BOOKMARK [1][-]{section.0.3}{\376\377\126\342\226\037\117\030\122\277}{}% 9
\BOOKMARK [2][-]{subsection.0.3.1}{\376\377\126\342\226\037\142\020\124\130\116\313\176\315}{section.0.3}% 10
\BOOKMARK [2][-]{subsection.0.3.2}{\376\377\126\342\226\037\122\006\135\345}{section.0.3}% 11
\BOOKMARK [1][-]{section.0.4}{\376\377\116\247\124\301\213\346\176\306\116\313\176\315}{}% 12
\BOOKMARK [2][-]{subsection.0.4.1}{\376\377\116\247\124\301\147\015\122\241}{section.0.4}% 13
\BOOKMARK [2][-]{subsection.0.4.2}{\376\377\166\310\122\051\152\041\137\017}{section.0.4}% 14
\BOOKMARK [2][-]{subsection.0.4.3}{\376\377\204\045\225\000\173\126\165\145}{section.0.4}% 15
\BOOKMARK [2][-]{subsection.0.4.4}{\376\377\136\002\127\072\230\204\155\113}{section.0.4}% 16
\BOOKMARK [2][-]{subsection.0.4.5}{\376\377\122\066\117\134\213\241\122\022}{section.0.4}% 17
\BOOKMARK [3][-]{subsubsection.0.4.5.1}{\376\377\122\115\147\037}{subsection.0.4.5}% 18
\BOOKMARK [3][-]{subsubsection.0.4.5.2}{\376\377\116\055\147\037}{subsection.0.4.5}% 19
\BOOKMARK [3][-]{subsubsection.0.4.5.3}{\376\377\124\016\147\037}{subsection.0.4.5}% 20
\BOOKMARK [1][-]{section.0.5}{\376\377\121\154\123\370\116\313\176\315}{}% 21
\BOOKMARK [1][-]{section.0.6}{\376\377\142\225\215\104\126\336\142\245}{}% 22
